Using pre-set license
Built from '2021.1/release' branch; Version is '2021.1.0f1 (61a549675243) revision 6399305'; Using compiler version '192528614'; Build Type 'Release'
OS: 'Windows 10 Pro; OS build 18362.418; Version 1903; 64bit' Language: 'es' Physical Memory: 32699 MB
BatchMode: 1, IsHumanControllingUs: 0, StartBugReporterOnCrash: 0, Is64bit: 1, IsPro: 0

 COMMAND LINE ARGUMENTS:
C:\Program Files\Unity\Hub\Editor\2021.1.0f1\Editor\Unity.exe
-adb2
-batchMode
-noUpm
-name
AssetImportWorker0
-projectPath
D:/Sandra/2021/Universidad/Realidad Virtual/Hito2
-logFile
Logs/AssetImportWorker0.log
-srvPort
50596
Successfully changed project path to: D:/Sandra/2021/Universidad/Realidad Virtual/Hito2
D:/Sandra/2021/Universidad/Realidad Virtual/Hito2
Using Asset Import Pipeline V2.
Refreshing native plugins compatible for Editor in 67.52 ms, found 1 plugins.
Preloading 0 native plugins for Editor in 0.00 ms.
Initialize engine version: 2021.1.0f1 (61a549675243)
[Subsystems] Discovering subsystems at path C:/Program Files/Unity/Hub/Editor/2021.1.0f1/Editor/Data/Resources/UnitySubsystems
[Subsystems] Discovering subsystems at path D:/Sandra/2021/Universidad/Realidad Virtual/Hito2/Assets
GfxDevice: creating device client; threaded=0; jobified=0
Direct3D:
    Version:  Direct3D 11.0 [level 11.1]
    Renderer: NVIDIA GeForce GTX 1660 (ID=0x2184)
    Vendor:   NVIDIA
    VRAM:     5991 MB
    Driver:   26.21.14.4187
Initialize mono
Mono path[0] = 'C:/Program Files/Unity/Hub/Editor/2021.1.0f1/Editor/Data/Managed'
Mono path[1] = 'C:/Program Files/Unity/Hub/Editor/2021.1.0f1/Editor/Data/MonoBleedingEdge/lib/mono/unityjit'
Mono config path = 'C:/Program Files/Unity/Hub/Editor/2021.1.0f1/Editor/Data/MonoBleedingEdge/etc'
Using monoOptions --debugger-agent=transport=dt_socket,embedding=1,server=y,suspend=n,address=127.0.0.1:56444
Begin MonoManager ReloadAssembly
Registering precompiled unity dll's ...
Register platform support module: C:/Program Files/Unity/Hub/Editor/2021.1.0f1/Editor/Data/PlaybackEngines/WindowsStandaloneSupport/UnityEditor.WindowsStandalone.Extensions.dll
Registered in 0.001563 seconds.
Native extension for WindowsStandalone target not found
Refreshing native plugins compatible for Editor in 69.14 ms, found 1 plugins.
Preloading 0 native plugins for Editor in 0.00 ms.
Mono: successfully reloaded assembly
- Completed reload, in  1.977 seconds
Platform modules already initialized, skipping
Registering precompiled user dll's ...
Registered in 0.002189 seconds.
Begin MonoManager ReloadAssembly
Native extension for WindowsStandalone target not found
Refreshing native plugins compatible for Editor in 0.58 ms, found 1 plugins.
Preloading 0 native plugins for Editor in 0.00 ms.
Mono: successfully reloaded assembly
- Completed reload, in  0.887 seconds
Platform modules already initialized, skipping
========================================================================
Worker process is ready to serve import requests
Launched and connected shader compiler UnityShaderCompiler.exe after 0.05 seconds
Refreshing native plugins compatible for Editor in 0.56 ms, found 1 plugins.
Preloading 0 native plugins for Editor in 0.00 ms.
Unloading 3006 Unused Serialized files (Serialized files now loaded: 0)
System memory in use before: 108.3 MB.
System memory in use after: 108.5 MB.

Unloading 17 unused Assets to reduce memory usage. Loaded Objects now: 3458.
Total: 2.326100 ms (FindLiveObjects: 0.333300 ms CreateObjectMapping: 0.118100 ms MarkObjects: 1.786800 ms  DeleteObjects: 0.087200 ms)

========================================================================
Received Import Request.
  path: Assets/AR Default Plane.prefab
  artifactKey: Guid(4b7bf5e2b648f7b488c5ac872c6c1ae6) Importer(815301076,1909f56bfc062723c751e8b465ee728b)
Start importing Assets/AR Default Plane.prefab using Guid(4b7bf5e2b648f7b488c5ac872c6c1ae6) Importer(815301076,1909f56bfc062723c751e8b465ee728b)  -> (artifact id: 'c851da377c677b88da2b7767695b8667') in 0.034415 seconds 
========================================================================
Received Import Request.
  Time since last request: 71.362179 seconds.
  path: ProjectSettings/TagManager.asset
  artifactKey: Guid(00000000000000003000000000000000) Importer(815301076,1909f56bfc062723c751e8b465ee728b)
Start importing ProjectSettings/TagManager.asset using Guid(00000000000000003000000000000000) Importer(815301076,1909f56bfc062723c751e8b465ee728b)  -> (artifact id: 'b5a07691cfed3d667b3bb63b8b71d3a3') in 0.003031 seconds 
========================================================================
Received Import Request.
  Time since last request: 35.310398 seconds.
  path: Assets
  artifactKey: Guid(00000000000000001000000000000000) Importer(815301076,1909f56bfc062723c751e8b465ee728b)
Start importing Assets using Guid(00000000000000001000000000000000) Importer(815301076,1909f56bfc062723c751e8b465ee728b)  -> (artifact id: 'c1e3b0d4d28e3570eb9237b2a8027d38') in 0.001352 seconds 
========================================================================
Received Prepare
Registering precompiled user dll's ...
Registered in 0.002043 seconds.
Begin MonoManager ReloadAssembly
Native extension for WindowsStandalone target not found
Refreshing native plugins compatible for Editor in 0.50 ms, found 1 plugins.
Preloading 0 native plugins for Editor in 0.00 ms.
Mono: successfully reloaded assembly
- Completed reload, in  0.786 seconds
Platform modules already initialized, skipping
Refreshing native plugins compatible for Editor in 0.51 ms, found 1 plugins.
Preloading 0 native plugins for Editor in 0.00 ms.
Unloading 2998 Unused Serialized files (Serialized files now loaded: 0)
System memory in use before: 108.1 MB.
System memory in use after: 108.3 MB.

Unloading 13 unused Assets to reduce memory usage. Loaded Objects now: 3463.
Total: 1.923900 ms (FindLiveObjects: 0.212700 ms CreateObjectMapping: 0.128500 ms MarkObjects: 1.464700 ms  DeleteObjects: 0.117100 ms)

========================================================================
Received Import Request.
  Time since last request: 9.576319 seconds.
  path: Assets/NewBehaviourScript.cs
  artifactKey: Guid(9355bbd233c1d9b48a6d0bfda42ee8d0) Importer(815301076,1909f56bfc062723c751e8b465ee728b)
Start importing Assets/NewBehaviourScript.cs using Guid(9355bbd233c1d9b48a6d0bfda42ee8d0) Importer(815301076,1909f56bfc062723c751e8b465ee728b)  -> (artifact id: '13cf176ae558806365bcde8ccf9c1a81') in 0.007451 seconds 
========================================================================
Received Import Request.
  Time since last request: 11.709976 seconds.
  path: Assets/SpawnableManager.cs
  artifactKey: Guid(9355bbd233c1d9b48a6d0bfda42ee8d0) Importer(815301076,1909f56bfc062723c751e8b465ee728b)
Start importing Assets/SpawnableManager.cs using Guid(9355bbd233c1d9b48a6d0bfda42ee8d0) Importer(815301076,1909f56bfc062723c751e8b465ee728b)  -> (artifact id: 'e62fbf5a45fd80b7618a005ea7741e1b') in 0.001658 seconds 
========================================================================
Received Prepare
Registering precompiled user dll's ...
Registered in 0.005526 seconds.
Begin MonoManager ReloadAssembly
Native extension for WindowsStandalone target not found
Refreshing native plugins compatible for Editor in 0.97 ms, found 1 plugins.
Preloading 0 native plugins for Editor in 0.00 ms.
Mono: successfully reloaded assembly
- Completed reload, in  1.065 seconds
Platform modules already initialized, skipping
Refreshing native plugins compatible for Editor in 0.50 ms, found 1 plugins.
Preloading 0 native plugins for Editor in 0.00 ms.
Unloading 2998 Unused Serialized files (Serialized files now loaded: 0)
System memory in use before: 108.2 MB.
System memory in use after: 108.4 MB.

Unloading 12 unused Assets to reduce memory usage. Loaded Objects now: 3467.
Total: 4.346400 ms (FindLiveObjects: 0.622000 ms CreateObjectMapping: 0.210600 ms MarkObjects: 3.452200 ms  DeleteObjects: 0.059700 ms)

========================================================================
Received Prepare
Registering precompiled user dll's ...
Registered in 0.002017 seconds.
Begin MonoManager ReloadAssembly
Native extension for WindowsStandalone target not found
Refreshing native plugins compatible for Editor in 0.47 ms, found 1 plugins.
Preloading 0 native plugins for Editor in 0.00 ms.
Mono: successfully reloaded assembly
- Completed reload, in  0.783 seconds
Platform modules already initialized, skipping
Refreshing native plugins compatible for Editor in 0.58 ms, found 1 plugins.
Preloading 0 native plugins for Editor in 0.00 ms.
Unloading 2998 Unused Serialized files (Serialized files now loaded: 0)
System memory in use before: 108.2 MB.
System memory in use after: 108.4 MB.

Unloading 12 unused Assets to reduce memory usage. Loaded Objects now: 3471.
Total: 1.938800 ms (FindLiveObjects: 0.218100 ms CreateObjectMapping: 0.143300 ms MarkObjects: 1.528800 ms  DeleteObjects: 0.046800 ms)

========================================================================
Received Import Request.
  Time since last request: 727.130603 seconds.
  path: Assets/SpawnableManager.cs
  artifactKey: Guid(9355bbd233c1d9b48a6d0bfda42ee8d0) Importer(815301076,1909f56bfc062723c751e8b465ee728b)
Start importing Assets/SpawnableManager.cs using Guid(9355bbd233c1d9b48a6d0bfda42ee8d0) Importer(815301076,1909f56bfc062723c751e8b465ee728b)  -> (artifact id: '8a4bc9caa0fa23d4b30304f9d408f32f') in 0.003899 seconds 
========================================================================
Received Prepare
Registering precompiled user dll's ...
Registered in 0.002059 seconds.
Begin MonoManager ReloadAssembly
Native extension for WindowsStandalone target not found
Refreshing native plugins compatible for Editor in 0.46 ms, found 1 plugins.
Preloading 0 native plugins for Editor in 0.00 ms.
Mono: successfully reloaded assembly
- Completed reload, in  0.798 seconds
Platform modules already initialized, skipping
Refreshing native plugins compatible for Editor in 0.52 ms, found 1 plugins.
Preloading 0 native plugins for Editor in 0.00 ms.
Unloading 2997 Unused Serialized files (Serialized files now loaded: 0)
System memory in use before: 108.2 MB.
System memory in use after: 108.4 MB.

Unloading 13 unused Assets to reduce memory usage. Loaded Objects now: 3474.
Total: 2.783100 ms (FindLiveObjects: 0.376400 ms CreateObjectMapping: 0.170400 ms MarkObjects: 2.187600 ms  DeleteObjects: 0.047100 ms)

========================================================================
Received Prepare
Registering precompiled user dll's ...
Registered in 0.002094 seconds.
Begin MonoManager ReloadAssembly
Native extension for WindowsStandalone target not found
Refreshing native plugins compatible for Editor in 0.50 ms, found 1 plugins.
Preloading 0 native plugins for Editor in 0.00 ms.
Mono: successfully reloaded assembly
- Completed reload, in  0.815 seconds
Platform modules already initialized, skipping
Refreshing native plugins compatible for Editor in 0.45 ms, found 1 plugins.
Preloading 0 native plugins for Editor in 0.00 ms.
Unloading 2998 Unused Serialized files (Serialized files now loaded: 0)
System memory in use before: 108.3 MB.
System memory in use after: 108.5 MB.

Unloading 12 unused Assets to reduce memory usage. Loaded Objects now: 3479.
Total: 2.289800 ms (FindLiveObjects: 0.241500 ms CreateObjectMapping: 0.159800 ms MarkObjects: 1.834600 ms  DeleteObjects: 0.053100 ms)

========================================================================
Received Prepare
Refreshing native plugins compatible for Editor in 1.55 ms, found 1 plugins.
Preloading 0 native plugins for Editor in 0.00 ms.
Unloading 9 Unused Serialized files (Serialized files now loaded: 0)
System memory in use before: 48.8 MB.
System memory in use after: 49.0 MB.

Unloading 9 unused Assets to reduce memory usage. Loaded Objects now: 3479.
Total: 2.074500 ms (FindLiveObjects: 0.214100 ms CreateObjectMapping: 0.123100 ms MarkObjects: 1.650900 ms  DeleteObjects: 0.085300 ms)

========================================================================
Received Import Request.
  Time since last request: 302.010271 seconds.
  path: Assets/Plugins/Android
  artifactKey: Guid(e7426e7efb36008498d9c46477d60e92) Importer(815301076,1909f56bfc062723c751e8b465ee728b)
Start importing Assets/Plugins/Android using Guid(e7426e7efb36008498d9c46477d60e92) Importer(815301076,1909f56bfc062723c751e8b465ee728b)  -> (artifact id: 'c6109f4761f98f44cd012e32060fe1b9') in 0.002127 seconds 
========================================================================
Received Import Request.
  Time since last request: 0.971333 seconds.
  path: Assets/Plugins/Android/mainTemplate.gradle
  artifactKey: Guid(0ab65fc4c3ca01746b3644d4a8e571a6) Importer(815301076,1909f56bfc062723c751e8b465ee728b)
Start importing Assets/Plugins/Android/mainTemplate.gradle using Guid(0ab65fc4c3ca01746b3644d4a8e571a6) Importer(815301076,1909f56bfc062723c751e8b465ee728b)  -> (artifact id: '95a9259f28d9a82c7280bf6655c8198b') in 0.011212 seconds 
========================================================================
Received Import Request.
  Time since last request: 16.481315 seconds.
  path: Assets/Plugins/Android/mainTemplate.gradle
  artifactKey: Guid(0ab65fc4c3ca01746b3644d4a8e571a6) Importer(815301076,1909f56bfc062723c751e8b465ee728b)
Start importing Assets/Plugins/Android/mainTemplate.gradle using Guid(0ab65fc4c3ca01746b3644d4a8e571a6) Importer(815301076,1909f56bfc062723c751e8b465ee728b)  -> (artifact id: 'fb41fc1f87381eb9fbfe05c07f451dfe') in 0.001732 seconds 
========================================================================
Received Import Request.
  Time since last request: 0.809350 seconds.
  path: Assets/Plugins/Android/launcherTemplate.gradle
  artifactKey: Guid(84db7da1e9388994d87dc6ab65039372) Importer(815301076,1909f56bfc062723c751e8b465ee728b)
Start importing Assets/Plugins/Android/launcherTemplate.gradle using Guid(84db7da1e9388994d87dc6ab65039372) Importer(815301076,1909f56bfc062723c751e8b465ee728b)  -> (artifact id: '7d799964f604981201dcf132d75c0d00') in 0.001479 seconds 
========================================================================
Received Import Request.
  Time since last request: 7.316665 seconds.
  path: Assets/Plugins/Android/launcherTemplate.gradle
  artifactKey: Guid(84db7da1e9388994d87dc6ab65039372) Importer(815301076,1909f56bfc062723c751e8b465ee728b)
Start importing Assets/Plugins/Android/launcherTemplate.gradle using Guid(84db7da1e9388994d87dc6ab65039372) Importer(815301076,1909f56bfc062723c751e8b465ee728b)  -> (artifact id: 'bb7e61b34746bd04558c43b44cb9d903') in 0.001922 seconds 
========================================================================
Received Prepare
Registering precompiled user dll's ...
Registered in 0.002385 seconds.
Begin MonoManager ReloadAssembly
Native extension for WindowsStandalone target not found
Refreshing native plugins compatible for Editor in 0.46 ms, found 1 plugins.
Preloading 0 native plugins for Editor in 0.00 ms.
Mono: successfully reloaded assembly
- Completed reload, in  0.821 seconds
Platform modules already initialized, skipping
Switching build target platform(19) subTarget(0) extendedPlatform(0) -> platform(13) subTarget(524288) extendedPlatform(0)
Refreshing native plugins compatible for Editor in 0.47 ms, found 1 plugins.
Preloading 0 native plugins for Editor in 0.00 ms.
Unloading 3002 Unused Serialized files (Serialized files now loaded: 0)
System memory in use before: 108.3 MB.
System memory in use after: 108.5 MB.

Unloading 12 unused Assets to reduce memory usage. Loaded Objects now: 3483.
Total: 1.912400 ms (FindLiveObjects: 0.212800 ms CreateObjectMapping: 0.123200 ms MarkObjects: 1.491500 ms  DeleteObjects: 0.083800 ms)

AssetImportParameters requested are different than current active one (requested -> active):
  custom:graphics/normal-map-encoding: 01000000000000000000000000000000 -> 02000000000000000000000000000000
========================================================================
Received Prepare
Refreshing native plugins compatible for Editor in 1.53 ms, found 1 plugins.
Preloading 0 native plugins for Editor in 0.00 ms.
Unloading 9 Unused Serialized files (Serialized files now loaded: 0)
System memory in use before: 48.8 MB.
System memory in use after: 49.0 MB.

Unloading 9 unused Assets to reduce memory usage. Loaded Objects now: 3483.
Total: 1.894800 ms (FindLiveObjects: 0.224800 ms CreateObjectMapping: 0.120800 ms MarkObjects: 1.457900 ms  DeleteObjects: 0.077500 ms)

